<?xml version="1.0" encoding="UTF-8"?>
<!-- Generated by org.testng.reporters.JUnitXMLReporter -->
<testsuite hostname="Jitendraw" name="good-cents-test - Firefox" tests="2" failures="1" timestamp="25 Mar 2016 07:55:49 GMT" time="38.594" errors="0">
  <testcase name="testCTaxBands" time="30.025" classname="com.goodcentstest.test.GoodCents">
    <failure type="junit.framework.ComparisonFailure" message="expected:&amp;lt;[F]&amp;gt; but was:&amp;lt;[E]&amp;gt;">
      <![CDATA[junit.framework.ComparisonFailure: expected:<[F]> but was:<[E]>
	at junit.framework.Assert.assertEquals(Assert.java:85)
	at junit.framework.Assert.assertEquals(Assert.java:91)
	at com.goodcentstest.test.GoodCents.testCTaxBands(GoodCents.java:40)
	at java.util.concurrent.FutureTask.run(Unknown Source)
	at java.util.concurrent.ThreadPoolExecutor.runWorker(Unknown Source)
	at java.util.concurrent.ThreadPoolExecutor$Worker.run(Unknown Source)
	at java.lang.Thread.run(Unknown Source)
... Removed 16 stack frames]]>
    </failure>
  </testcase> <!-- testCTaxBands -->
  <testcase name="testCTaxBands" time="3.547" classname="com.goodcentstest.test.GoodCents"/>
</testsuite> <!-- good-cents-test - Firefox -->
